%!Adobe-FontList 1.19
%Locale:0x419

%BeginFont
Handler:DirectoryHandler
FontType:TrueType
FontName:CenturyGothic-Bold
FamilyName:Century Gothic
StyleName:Bold
FullName:Century Gothic Bold
MenuName:Century Gothic
StyleBits:2
WritingScript:Roman
OutlineFileName:C:\Users\quotzon\OneDrive\Work\Lextorium\New Site\casts\cast28\invites\Priglashenie\Document fonts\GOTHICB.TTF
DataFormat:sfntData
hasSVG:no
VariableFontType:NonVariableFont
FileLength:129676
FileModTime:910877968
WeightClass:700
WidthClass:5
AngleClass:0
NameArray:0,Mac,4,Century Gothic Bold
NameArray:0,Win,1,Century Gothic
%EndFont

%BeginFont
Handler:DirectoryHandler
FontType:TrueType
FontName:CenturyGothic
FamilyName:Century Gothic
StyleName:Regular
FullName:Century Gothic
MenuName:Century Gothic
StyleBits:0
WritingScript:Roman
OutlineFileName:C:\Users\quotzon\OneDrive\Work\Lextorium\New Site\casts\cast28\invites\Priglashenie\Document fonts\GOTHIC_0.TTF
DataFormat:sfntData
hasSVG:no
VariableFontType:NonVariableFont
FileLength:137568
FileModTime:1262521116
WeightClass:400
WidthClass:5
AngleClass:0
NameArray:0,Mac,4,Century Gothic
NameArray:0,Win,1,Century Gothic
%EndFont

%BeginFont
Handler:DirectoryHandler
FontType:Type1
FontName:MinionPro-Regular
FamilyName:Minion Pro
StyleName:Regular
FullName:Minion Pro
MenuName:Minion Pro
StyleBits:0
WritingScript:Roman
OutlineFileName:C:\Users\quotzon\OneDrive\Work\Lextorium\New Site\casts\cast28\invites\Priglashenie\Document fonts\MinionPro-Regular.otf
DataFormat:sfntData
UsesStandardEncoding:yes
isCFF:yes
hasSVG:no
VariableFontType:NonVariableFont
FileLength:217280
FileModTime:1329297320
WeightClass:400
WidthClass:5
AngleClass:0
DesignSize:110
NameArray:0,Mac,4,Minion Pro
NameArray:0,Win,1,Minion Pro
%EndFont

